<?xml version="1.0" encoding="UTF-8"?>
<coverage generated="1728913834930" clover="3.2.0">
  <project timestamp="1728913834931" name="All files">
    <metrics statements="66" coveredstatements="46" conditionals="6" coveredconditionals="3" methods="27" coveredmethods="15" elements="99" coveredelements="64" complexity="0" loc="66" ncloc="66" packages="1" files="4" classes="4"/>
    <file name="Guerreiro.ts" path="C:\Users\wagne\OneDrive\Área de Trabalho\SENAC ADS\3º Semestre\Engenharia de Software II\Atividade Code Clean\POO-RPG-Simulador-main\Guerreiro.ts">
      <metrics statements="24" coveredstatements="19" conditionals="4" coveredconditionals="2" methods="7" coveredmethods="5"/>
      <line num="1" count="1" type="stmt"/>
      <line num="2" count="1" type="stmt"/>
      <line num="4" count="1" type="stmt"/>
      <line num="6" count="5" type="stmt"/>
      <line num="16" count="5" type="stmt"/>
      <line num="17" count="5" type="stmt"/>
      <line num="21" count="1" type="stmt"/>
      <line num="22" count="1" type="stmt"/>
      <line num="23" count="1" type="stmt"/>
      <line num="27" count="2" type="stmt"/>
      <line num="29" count="2" type="stmt"/>
      <line num="33" count="0" type="stmt"/>
      <line num="34" count="0" type="stmt"/>
      <line num="37" count="0" type="stmt"/>
      <line num="40" count="1" type="stmt"/>
      <line num="41" count="1" type="cond" truecount="1" falsecount="0"/>
      <line num="42" count="1" type="stmt"/>
      <line num="47" count="3" type="stmt"/>
      <line num="48" count="3" type="cond" truecount="1" falsecount="1"/>
      <line num="50" count="3" type="stmt"/>
      <line num="51" count="3" type="stmt"/>
      <line num="52" count="3" type="cond" truecount="0" falsecount="1"/>
      <line num="53" count="0" type="stmt"/>
      <line num="56" count="0" type="stmt"/>
    </file>
    <file name="Padre.ts" path="C:\Users\wagne\OneDrive\Área de Trabalho\SENAC ADS\3º Semestre\Engenharia de Software II\Atividade Code Clean\POO-RPG-Simulador-main\Padre.ts">
      <metrics statements="17" coveredstatements="9" conditionals="2" coveredconditionals="1" methods="6" coveredmethods="3"/>
      <line num="1" count="1" type="stmt"/>
      <line num="2" count="1" type="stmt"/>
      <line num="4" count="1" type="stmt"/>
      <line num="6" count="3" type="stmt"/>
      <line num="7" count="3" type="stmt"/>
      <line num="11" count="0" type="stmt"/>
      <line num="12" count="0" type="stmt"/>
      <line num="13" count="0" type="stmt"/>
      <line num="17" count="0" type="stmt"/>
      <line num="18" count="0" type="stmt"/>
      <line num="22" count="1" type="stmt"/>
      <line num="25" count="1" type="stmt"/>
      <line num="26" count="1" type="cond" truecount="1" falsecount="0"/>
      <line num="27" count="1" type="stmt"/>
      <line num="32" count="0" type="stmt"/>
      <line num="33" count="0" type="cond" truecount="0" falsecount="1"/>
      <line num="34" count="0" type="stmt"/>
    </file>
    <file name="Personagem.ts" path="C:\Users\wagne\OneDrive\Área de Trabalho\SENAC ADS\3º Semestre\Engenharia de Software II\Atividade Code Clean\POO-RPG-Simulador-main\Personagem.ts">
      <metrics statements="21" coveredstatements="14" conditionals="0" coveredconditionals="0" methods="13" coveredmethods="6"/>
      <line num="3" count="2" type="stmt"/>
      <line num="5" count="8" type="stmt"/>
      <line num="6" count="8" type="stmt"/>
      <line num="7" count="8" type="stmt"/>
      <line num="8" count="8" type="stmt"/>
      <line num="9" count="8" type="stmt"/>
      <line num="10" count="8" type="stmt"/>
      <line num="11" count="8" type="stmt"/>
      <line num="12" count="8" type="stmt"/>
      <line num="16" count="0" type="stmt"/>
      <line num="20" count="0" type="stmt"/>
      <line num="24" count="0" type="stmt"/>
      <line num="28" count="0" type="stmt"/>
      <line num="40" count="3" type="stmt"/>
      <line num="44" count="14" type="stmt"/>
      <line num="48" count="0" type="stmt"/>
      <line num="52" count="3" type="stmt"/>
      <line num="56" count="4" type="stmt"/>
      <line num="60" count="5" type="stmt"/>
      <line num="64" count="0" type="stmt"/>
      <line num="68" count="0" type="stmt"/>
    </file>
    <file name="Util.ts" path="C:\Users\wagne\OneDrive\Área de Trabalho\SENAC ADS\3º Semestre\Engenharia de Software II\Atividade Code Clean\POO-RPG-Simulador-main\Util.ts">
      <metrics statements="4" coveredstatements="4" conditionals="0" coveredconditionals="0" methods="1" coveredmethods="1"/>
      <line num="1" count="2" type="stmt"/>
      <line num="3" count="26" type="stmt"/>
      <line num="4" count="26" type="stmt"/>
      <line num="5" count="26" type="stmt"/>
    </file>
  </project>
</coverage>
