{"C:\\Users\\wagne\\OneDrive\\Área de Trabalho\\SENAC ADS\\3º Semestre\\Engenharia de Software II\\Atividade Code Clean\\POO-RPG-Simulador-main\\Guerreiro.ts": {"path":"C:\\Users\\wagne\\OneDrive\\Área de Trabalho\\SENAC ADS\\3º Semestre\\Engenharia de Software II\\Atividade Code Clean\\POO-RPG-Simulador-main\\Guerreiro.ts","statementMap":{"0":{"start":{"line":1,"column":0},"end":{"line":1,"column":42}},"1":{"start":{"line":2,"column":0},"end":{"line":2,"column":30}},"2":{"start":{"line":6,"column":4},"end":{"line":15,"column":6}},"3":{"start":{"line":16,"column":4},"end":{"line":16,"column":43}},"4":{"start":{"line":17,"column":4},"end":{"line":17,"column":39}},"5":{"start":{"line":21,"column":4},"end":{"line":21,"column":57}},"6":{"start":{"line":22,"column":4},"end":{"line":22,"column":26}},"7":{"start":{"line":23,"column":4},"end":{"line":23,"column":32}},"8":{"start":{"line":27,"column":4},"end":{"line":27,"column":64}},"9":{"start":{"line":29,"column":4},"end":{"line":29,"column":26}},"10":{"start":{"line":33,"column":4},"end":{"line":33,"column":37}},"11":{"start":{"line":34,"column":4},"end":{"line":34,"column":34}},"12":{"start":{"line":37,"column":4},"end":{"line":37,"column":43}},"13":{"start":{"line":40,"column":4},"end":{"line":40,"column":45}},"14":{"start":{"line":41,"column":4},"end":{"line":43,"column":null}},"15":{"start":{"line":42,"column":6},"end":{"line":42,"column":40}},"16":{"start":{"line":47,"column":29},"end":{"line":47,"column":71}},"17":{"start":{"line":48,"column":4},"end":{"line":57,"column":null}},"18":{"start":{"line":50,"column":8},"end":{"line":50,"column":62}},"19":{"start":{"line":51,"column":6},"end":{"line":51,"column":33}},"20":{"start":{"line":52,"column":6},"end":{"line":54,"column":null}},"21":{"start":{"line":53,"column":8},"end":{"line":53,"column":null}},"22":{"start":{"line":56,"column":6},"end":{"line":56,"column":73}},"23":{"start":{"line":4,"column":0},"end":{"line":4,"column":13}}},"fnMap":{"0":{"name":"(anonymous_0)","decl":{"start":{"line":5,"column":2},"end":{"line":5,"column":14}},"loc":{"start":{"line":5,"column":26},"end":{"line":18,"column":3}}},"1":{"name":"(anonymous_1)","decl":{"start":{"line":20,"column":9},"end":{"line":20,"column":15}},"loc":{"start":{"line":20,"column":36},"end":{"line":24,"column":3}}},"2":{"name":"(anonymous_2)","decl":{"start":{"line":26,"column":9},"end":{"line":26,"column":21}},"loc":{"start":{"line":26,"column":42},"end":{"line":30,"column":3}}},"3":{"name":"(anonymous_3)","decl":{"start":{"line":32,"column":9},"end":{"line":32,"column":37}},"loc":{"start":{"line":32,"column":37},"end":{"line":35,"column":3}}},"4":{"name":"(anonymous_4)","decl":{"start":{"line":36,"column":10},"end":{"line":36,"column":32}},"loc":{"start":{"line":36,"column":32},"end":{"line":38,"column":3}}},"5":{"name":"(anonymous_5)","decl":{"start":{"line":39,"column":9},"end":{"line":39,"column":22}},"loc":{"start":{"line":39,"column":22},"end":{"line":44,"column":3}}},"6":{"name":"(anonymous_6)","decl":{"start":{"line":46,"column":10},"end":{"line":46,"column":16}},"loc":{"start":{"line":46,"column":37},"end":{"line":58,"column":3}}}},"branchMap":{"0":{"loc":{"start":{"line":41,"column":4},"end":{"line":43,"column":null}},"type":"if","locations":[{"start":{"line":41,"column":4},"end":{"line":43,"column":null}}]},"1":{"loc":{"start":{"line":48,"column":4},"end":{"line":57,"column":null}},"type":"if","locations":[{"start":{"line":48,"column":4},"end":{"line":57,"column":null}},{"start":{"line":55,"column":11},"end":{"line":57,"column":null}}]},"2":{"loc":{"start":{"line":52,"column":6},"end":{"line":54,"column":null}},"type":"if","locations":[{"start":{"line":52,"column":6},"end":{"line":54,"column":null}}]}},"s":{"0":1,"1":1,"2":5,"3":5,"4":5,"5":1,"6":1,"7":1,"8":2,"9":2,"10":0,"11":0,"12":0,"13":1,"14":1,"15":1,"16":3,"17":3,"18":3,"19":3,"20":3,"21":0,"22":0,"23":1},"f":{"0":5,"1":1,"2":2,"3":0,"4":0,"5":1,"6":3},"b":{"0":[1],"1":[3,0],"2":[0]}}
,"C:\\Users\\wagne\\OneDrive\\Área de Trabalho\\SENAC ADS\\3º Semestre\\Engenharia de Software II\\Atividade Code Clean\\POO-RPG-Simulador-main\\Padre.ts": {"path":"C:\\Users\\wagne\\OneDrive\\Área de Trabalho\\SENAC ADS\\3º Semestre\\Engenharia de Software II\\Atividade Code Clean\\POO-RPG-Simulador-main\\Padre.ts","statementMap":{"0":{"start":{"line":1,"column":0},"end":{"line":1,"column":42}},"1":{"start":{"line":2,"column":0},"end":{"line":2,"column":30}},"2":{"start":{"line":6,"column":4},"end":{"line":6,"column":73}},"3":{"start":{"line":7,"column":4},"end":{"line":7,"column":39}},"4":{"start":{"line":11,"column":4},"end":{"line":11,"column":67}},"5":{"start":{"line":12,"column":4},"end":{"line":12,"column":26}},"6":{"start":{"line":13,"column":4},"end":{"line":13,"column":32}},"7":{"start":{"line":17,"column":4},"end":{"line":17,"column":67}},"8":{"start":{"line":18,"column":4},"end":{"line":18,"column":26}},"9":{"start":{"line":22,"column":4},"end":{"line":22,"column":67}},"10":{"start":{"line":25,"column":4},"end":{"line":25,"column":45}},"11":{"start":{"line":26,"column":4},"end":{"line":28,"column":null}},"12":{"start":{"line":27,"column":6},"end":{"line":27,"column":40}},"13":{"start":{"line":32,"column":29},"end":{"line":32,"column":57}},"14":{"start":{"line":33,"column":4},"end":{"line":35,"column":null}},"15":{"start":{"line":34,"column":6},"end":{"line":34,"column":57}},"16":{"start":{"line":4,"column":0},"end":{"line":4,"column":13}}},"fnMap":{"0":{"name":"(anonymous_0)","decl":{"start":{"line":5,"column":2},"end":{"line":5,"column":14}},"loc":{"start":{"line":5,"column":26},"end":{"line":8,"column":3}}},"1":{"name":"(anonymous_1)","decl":{"start":{"line":10,"column":9},"end":{"line":10,"column":15}},"loc":{"start":{"line":10,"column":36},"end":{"line":14,"column":3}}},"2":{"name":"(anonymous_2)","decl":{"start":{"line":16,"column":9},"end":{"line":16,"column":21}},"loc":{"start":{"line":16,"column":42},"end":{"line":19,"column":3}}},"3":{"name":"(anonymous_3)","decl":{"start":{"line":21,"column":9},"end":{"line":21,"column":37}},"loc":{"start":{"line":21,"column":37},"end":{"line":23,"column":3}}},"4":{"name":"(anonymous_4)","decl":{"start":{"line":24,"column":9},"end":{"line":24,"column":22}},"loc":{"start":{"line":24,"column":22},"end":{"line":29,"column":3}}},"5":{"name":"(anonymous_5)","decl":{"start":{"line":31,"column":10},"end":{"line":31,"column":16}},"loc":{"start":{"line":31,"column":37},"end":{"line":36,"column":3}}}},"branchMap":{"0":{"loc":{"start":{"line":26,"column":4},"end":{"line":28,"column":null}},"type":"if","locations":[{"start":{"line":26,"column":4},"end":{"line":28,"column":null}}]},"1":{"loc":{"start":{"line":33,"column":4},"end":{"line":35,"column":null}},"type":"if","locations":[{"start":{"line":33,"column":4},"end":{"line":35,"column":null}}]}},"s":{"0":1,"1":1,"2":3,"3":3,"4":0,"5":0,"6":0,"7":0,"8":0,"9":1,"10":1,"11":1,"12":1,"13":0,"14":0,"15":0,"16":1},"f":{"0":3,"1":0,"2":0,"3":1,"4":1,"5":0},"b":{"0":[1],"1":[0]}}
,"C:\\Users\\wagne\\OneDrive\\Área de Trabalho\\SENAC ADS\\3º Semestre\\Engenharia de Software II\\Atividade Code Clean\\POO-RPG-Simulador-main\\Personagem.ts": {"path":"C:\\Users\\wagne\\OneDrive\\Área de Trabalho\\SENAC ADS\\3º Semestre\\Engenharia de Software II\\Atividade Code Clean\\POO-RPG-Simulador-main\\Personagem.ts","statementMap":{"0":{"start":{"line":5,"column":14},"end":{"line":5,"column":27}},"1":{"start":{"line":6,"column":14},"end":{"line":6,"column":28}},"2":{"start":{"line":7,"column":14},"end":{"line":7,"column":39}},"3":{"start":{"line":8,"column":14},"end":{"line":8,"column":36}},"4":{"start":{"line":9,"column":14},"end":{"line":9,"column":30}},"5":{"start":{"line":10,"column":14},"end":{"line":10,"column":34}},"6":{"start":{"line":11,"column":14},"end":{"line":11,"column":32}},"7":{"start":{"line":12,"column":14},"end":{"line":12,"column":33}},"8":{"start":{"line":16,"column":4},"end":{"line":16,"column":47}},"9":{"start":{"line":20,"column":4},"end":{"line":20,"column":47}},"10":{"start":{"line":24,"column":4},"end":{"line":24,"column":47}},"11":{"start":{"line":28,"column":4},"end":{"line":28,"column":47}},"12":{"start":{"line":40,"column":4},"end":{"line":40,"column":25}},"13":{"start":{"line":44,"column":4},"end":{"line":44,"column":27}},"14":{"start":{"line":48,"column":4},"end":{"line":48,"column":31}},"15":{"start":{"line":52,"column":4},"end":{"line":52,"column":29}},"16":{"start":{"line":56,"column":4},"end":{"line":56,"column":22}},"17":{"start":{"line":60,"column":4},"end":{"line":60,"column":32}},"18":{"start":{"line":64,"column":4},"end":{"line":64,"column":48}},"19":{"start":{"line":68,"column":4},"end":{"line":68,"column":78}},"20":{"start":{"line":3,"column":0},"end":{"line":3,"column":22}}},"fnMap":{"0":{"name":"(anonymous_0)","decl":{"start":{"line":4,"column":2},"end":{"line":4,"column":null}},"loc":{"start":{"line":12,"column":33},"end":{"line":13,"column":6}}},"1":{"name":"(anonymous_1)","decl":{"start":{"line":15,"column":2},"end":{"line":15,"column":8}},"loc":{"start":{"line":15,"column":39},"end":{"line":17,"column":3}}},"2":{"name":"(anonymous_2)","decl":{"start":{"line":19,"column":2},"end":{"line":19,"column":9}},"loc":{"start":{"line":19,"column":38},"end":{"line":21,"column":3}}},"3":{"name":"(anonymous_3)","decl":{"start":{"line":23,"column":2},"end":{"line":23,"column":8}},"loc":{"start":{"line":23,"column":8},"end":{"line":25,"column":3}}},"4":{"name":"(anonymous_4)","decl":{"start":{"line":27,"column":2},"end":{"line":27,"column":11}},"loc":{"start":{"line":27,"column":24},"end":{"line":29,"column":3}}},"5":{"name":"(anonymous_5)","decl":{"start":{"line":39,"column":2},"end":{"line":39,"column":13}},"loc":{"start":{"line":39,"column":20},"end":{"line":41,"column":3}}},"6":{"name":"(anonymous_6)","decl":{"start":{"line":43,"column":2},"end":{"line":43,"column":13}},"loc":{"start":{"line":43,"column":22},"end":{"line":45,"column":3}}},"7":{"name":"(anonymous_7)","decl":{"start":{"line":47,"column":2},"end":{"line":47,"column":13}},"loc":{"start":{"line":47,"column":26},"end":{"line":49,"column":3}}},"8":{"name":"(anonymous_8)","decl":{"start":{"line":51,"column":2},"end":{"line":51,"column":13}},"loc":{"start":{"line":51,"column":24},"end":{"line":53,"column":3}}},"9":{"name":"(anonymous_9)","decl":{"start":{"line":55,"column":2},"end":{"line":55,"column":13}},"loc":{"start":{"line":55,"column":17},"end":{"line":57,"column":3}}},"10":{"name":"(anonymous_10)","decl":{"start":{"line":59,"column":2},"end":{"line":59,"column":13}},"loc":{"start":{"line":59,"column":40},"end":{"line":61,"column":3}}},"11":{"name":"(anonymous_11)","decl":{"start":{"line":63,"column":9},"end":{"line":63,"column":18}},"loc":{"start":{"line":63,"column":18},"end":{"line":65,"column":3}}},"12":{"name":"(anonymous_12)","decl":{"start":{"line":67,"column":9},"end":{"line":67,"column":15}},"loc":{"start":{"line":67,"column":15},"end":{"line":69,"column":3}}}},"branchMap":{},"s":{"0":8,"1":8,"2":8,"3":8,"4":8,"5":8,"6":8,"7":8,"8":0,"9":0,"10":0,"11":0,"12":3,"13":14,"14":0,"15":3,"16":4,"17":5,"18":0,"19":0,"20":2},"f":{"0":8,"1":0,"2":0,"3":0,"4":0,"5":3,"6":14,"7":0,"8":3,"9":4,"10":5,"11":0,"12":0},"b":{}}
,"C:\\Users\\wagne\\OneDrive\\Área de Trabalho\\SENAC ADS\\3º Semestre\\Engenharia de Software II\\Atividade Code Clean\\POO-RPG-Simulador-main\\Util.ts": {"path":"C:\\Users\\wagne\\OneDrive\\Área de Trabalho\\SENAC ADS\\3º Semestre\\Engenharia de Software II\\Atividade Code Clean\\POO-RPG-Simulador-main\\Util.ts","statementMap":{"0":{"start":{"line":3,"column":26},"end":{"line":3,"column":68}},"1":{"start":{"line":4,"column":25},"end":{"line":4,"column":50}},"2":{"start":{"line":5,"column":4},"end":{"line":5,"column":24}},"3":{"start":{"line":1,"column":0},"end":{"line":1,"column":13}}},"fnMap":{"0":{"name":"(anonymous_0)","decl":{"start":{"line":2,"column":9},"end":{"line":2,"column":15}},"loc":{"start":{"line":2,"column":57},"end":{"line":6,"column":3}}}},"branchMap":{},"s":{"0":26,"1":26,"2":26,"3":2},"f":{"0":26},"b":{}}
}
