TN:
SF:Guerreiro.ts
FN:5,(anonymous_0)
FN:20,(anonymous_1)
FN:26,(anonymous_2)
FN:32,(anonymous_3)
FN:36,(anonymous_4)
FN:39,(anonymous_5)
FN:46,(anonymous_6)
FNF:7
FNH:5
FNDA:5,(anonymous_0)
FNDA:1,(anonymous_1)
FNDA:2,(anonymous_2)
FNDA:0,(anonymous_3)
FNDA:0,(anonymous_4)
FNDA:1,(anonymous_5)
FNDA:3,(anonymous_6)
DA:1,1
DA:2,1
DA:4,1
DA:6,5
DA:16,5
DA:17,5
DA:21,1
DA:22,1
DA:23,1
DA:27,2
DA:29,2
DA:33,0
DA:34,0
DA:37,0
DA:40,1
DA:41,1
DA:42,1
DA:47,3
DA:48,3
DA:50,3
DA:51,3
DA:52,3
DA:53,0
DA:56,0
LF:24
LH:19
BRDA:41,0,0,1
BRDA:48,1,0,3
BRDA:48,1,1,0
BRDA:52,2,0,0
BRF:4
BRH:2
end_of_record
TN:
SF:Padre.ts
FN:5,(anonymous_0)
FN:10,(anonymous_1)
FN:16,(anonymous_2)
FN:21,(anonymous_3)
FN:24,(anonymous_4)
FN:31,(anonymous_5)
FNF:6
FNH:3
FNDA:3,(anonymous_0)
FNDA:0,(anonymous_1)
FNDA:0,(anonymous_2)
FNDA:1,(anonymous_3)
FNDA:1,(anonymous_4)
FNDA:0,(anonymous_5)
DA:1,1
DA:2,1
DA:4,1
DA:6,3
DA:7,3
DA:11,0
DA:12,0
DA:13,0
DA:17,0
DA:18,0
DA:22,1
DA:25,1
DA:26,1
DA:27,1
DA:32,0
DA:33,0
DA:34,0
LF:17
LH:9
BRDA:26,0,0,1
BRDA:33,1,0,0
BRF:2
BRH:1
end_of_record
TN:
SF:Personagem.ts
FN:4,(anonymous_0)
FN:15,(anonymous_1)
FN:19,(anonymous_2)
FN:23,(anonymous_3)
FN:27,(anonymous_4)
FN:39,(anonymous_5)
FN:43,(anonymous_6)
FN:47,(anonymous_7)
FN:51,(anonymous_8)
FN:55,(anonymous_9)
FN:59,(anonymous_10)
FN:63,(anonymous_11)
FN:67,(anonymous_12)
FNF:13
FNH:6
FNDA:8,(anonymous_0)
FNDA:0,(anonymous_1)
FNDA:0,(anonymous_2)
FNDA:0,(anonymous_3)
FNDA:0,(anonymous_4)
FNDA:3,(anonymous_5)
FNDA:14,(anonymous_6)
FNDA:0,(anonymous_7)
FNDA:3,(anonymous_8)
FNDA:4,(anonymous_9)
FNDA:5,(anonymous_10)
FNDA:0,(anonymous_11)
FNDA:0,(anonymous_12)
DA:3,2
DA:5,8
DA:6,8
DA:7,8
DA:8,8
DA:9,8
DA:10,8
DA:11,8
DA:12,8
DA:16,0
DA:20,0
DA:24,0
DA:28,0
DA:40,3
DA:44,14
DA:48,0
DA:52,3
DA:56,4
DA:60,5
DA:64,0
DA:68,0
LF:21
LH:14
BRF:0
BRH:0
end_of_record
TN:
SF:Util.ts
FN:2,(anonymous_0)
FNF:1
FNH:1
FNDA:26,(anonymous_0)
DA:1,2
DA:3,26
DA:4,26
DA:5,26
LF:4
LH:4
BRF:0
BRH:0
end_of_record
